<?xml version="1.0" encoding="UTF-8"?>
<!-- Generated by org.testng.reporters.JUnitReportReporter -->
<testsuite skipped="0" hostname="DESKTOP-0N4EONN" name="com.kcs.KCS_Test" tests="7" failures="0" timestamp="2023-03-01T19:33:53 IST" time="59.568" errors="0">
  <testcase name="test7" time="4.832" classname="com.kcs.KCS_Test"/>
  <system-out/>
  <testcase name="test5" time="0.515" classname="com.kcs.KCS_Test"/>
  <system-out/>
  <testcase name="test1" time="6.151" classname="com.kcs.KCS_Test"/>
  <system-out/>
  <testcase name="test6" time="7.479" classname="com.kcs.KCS_Test"/>
  <system-out/>
  <testcase name="test3" time="6.950" classname="com.kcs.KCS_Test"/>
  <system-out/>
  <testcase name="test2" time="2.542" classname="com.kcs.KCS_Test"/>
  <system-out/>
  <testcase name="test4" time="31.099" classname="com.kcs.KCS_Test"/>
  <system-out/>
</testsuite> <!-- com.kcs.KCS_Test -->
