<?xml version="1.0" encoding="UTF-8"?>
<!-- Generated by org.testng.reporters.JUnitReportReporter -->
<testsuite hostname="DESKTOP-0N4EONN" failures="0" tests="7" name="practice.Practice1" time="50.274" errors="0" timestamp="2023-02-28T23:04:20 IST" skipped="0">
  <testcase classname="practice.Practice1" name="Select_From_Ahmedabad_To_Pune" time="7.203"/>
  <system-out/>
  <testcase classname="practice.Practice1" name="Select_Departure_date_as_1st_date_of_next_month" time="2.442"/>
  <system-out/>
  <testcase classname="practice.Practice1" name="Select_ADULTS2_CHILDREN1_INFANTS1" time="7.083"/>
  <system-out/>
  <testcase classname="practice.Practice1" name="Click_on_search" time="19.218"/>
  <system-out/>
  <testcase classname="practice.Practice1" name="Verify_TripType_FROM_TO_DEPART_PASSENGERS_CLASS" time="0.290"/>
  <system-out/>
  <testcase classname="practice.Practice1" name="Filter_By_One_Way_Price_and_validate_all_flight_prices_are_between_that_range" time="9.623"/>
  <system-out/>
  <testcase classname="practice.Practice1" name="Filter_by_Nonstop_and_validate_count" time="4.415"/>
  <system-out/>
</testsuite> <!-- practice.Practice1 -->
